2009-09-01 16:28:44 (PDT)	2 Warning	imagejpeg() [<a href='function.imagejpeg'>function.imagejpeg</a>]: Unable to open '/home/19349/domains/rhg.iomatix.com/html/uploads/images/_thumbs/_birdhouse.jpg' for writing: No such file or directory	File: fns_tinybrowser.php	Line: 113	
2009-09-01 16:28:44 (PDT)	2 Warning	imagejpeg() [<a href='function.imagejpeg'>function.imagejpeg</a>]: Unable to open '/home/19349/domains/rhg.iomatix.com/html/uploads/images/_thumbs/_2859514388_81cdb1892e_b.jpg' for writing: No such file or directory	File: fns_tinybrowser.php	Line: 113	
2009-09-01 16:28:44 (PDT)	2 Warning	imagejpeg() [<a href='function.imagejpeg'>function.imagejpeg</a>]: Unable to open '/home/19349/domains/rhg.iomatix.com/html/uploads/images/_thumbs/_buckets.jpg' for writing: No such file or directory	File: fns_tinybrowser.php	Line: 113	
2009-09-01 16:28:44 (PDT)	2 Warning	imagejpeg() [<a href='function.imagejpeg'>function.imagejpeg</a>]: Unable to open '/home/19349/domains/rhg.iomatix.com/html/uploads/images/_thumbs/_01.berlin-wall-(nazi1989_600x400-copy.jpg' for writing: No such file or directory	File: fns_tinybrowser.php	Line: 113	
2009-09-01 16:28:44 (PDT)	2 Warning	imagejpeg() [<a href='function.imagejpeg'>function.imagejpeg</a>]: Unable to open '/home/19349/domains/rhg.iomatix.com/html/uploads/images/_thumbs/_520722149_acfee53f21_b.jpg' for writing: No such file or directory	File: fns_tinybrowser.php	Line: 113	
2010-07-13 18:24:44 (EDT)	8 Notice	Undefined index:  Filedata	File: upload_file.php	Line: 19	
2010-07-13 18:24:44 (EDT)	8 Notice	Undefined index:  Filedata	File: upload_file.php	Line: 25	
2011-04-20 12:53:45 (EDT)	8 Notice	Undefined index:  Filedata	File: upload_file.php	Line: 19	
2011-04-20 12:53:45 (EDT)	8 Notice	Undefined index:  Filedata	File: upload_file.php	Line: 25	
2012-01-05 13:48:02 (PST)	8192 	Function sql_regcase() is deprecated	File: fns_tinybrowser.php	Line: 355	
2012-01-05 13:48:02 (PST)	8192 	Function sql_regcase() is deprecated	File: fns_tinybrowser.php	Line: 355	
2012-01-05 13:48:02 (PST)	8192 	Function sql_regcase() is deprecated	File: fns_tinybrowser.php	Line: 355	
2012-01-05 13:48:02 (PST)	8192 	Function sql_regcase() is deprecated	File: fns_tinybrowser.php	Line: 355	
2012-01-05 13:48:14 (PST)	8192 	Function sql_regcase() is deprecated	File: fns_tinybrowser.php	Line: 355	
2012-01-05 13:48:14 (PST)	8192 	Function sql_regcase() is deprecated	File: fns_tinybrowser.php	Line: 355	
2012-01-05 13:48:14 (PST)	8192 	Function sql_regcase() is deprecated	File: fns_tinybrowser.php	Line: 355	
2012-01-05 13:48:14 (PST)	8192 	Function sql_regcase() is deprecated	File: fns_tinybrowser.php	Line: 355	
2012-01-05 13:48:17 (PST)	8192 	Function sql_regcase() is deprecated	File: fns_tinybrowser.php	Line: 355	
2012-01-05 13:48:17 (PST)	8192 	Function sql_regcase() is deprecated	File: fns_tinybrowser.php	Line: 355	
2012-01-05 13:48:17 (PST)	8192 	Function sql_regcase() is deprecated	File: fns_tinybrowser.php	Line: 355	
2012-01-05 13:48:17 (PST)	8192 	Function sql_regcase() is deprecated	File: fns_tinybrowser.php	Line: 355	
2012-01-05 13:48:21 (PST)	8192 	Function sql_regcase() is deprecated	File: fns_tinybrowser.php	Line: 355	
2012-01-05 13:48:21 (PST)	8192 	Function sql_regcase() is deprecated	File: fns_tinybrowser.php	Line: 355	
2012-01-05 13:48:21 (PST)	8192 	Function sql_regcase() is deprecated	File: fns_tinybrowser.php	Line: 355	
2012-01-05 13:48:21 (PST)	8192 	Function sql_regcase() is deprecated	File: fns_tinybrowser.php	Line: 355	
2012-01-05 13:48:26 (PST)	8192 	Function sql_regcase() is deprecated	File: fns_tinybrowser.php	Line: 355	
2012-01-05 13:48:26 (PST)	8192 	Function sql_regcase() is deprecated	File: fns_tinybrowser.php	Line: 355	
2012-01-05 13:48:26 (PST)	8192 	Function sql_regcase() is deprecated	File: fns_tinybrowser.php	Line: 355	
2012-01-05 13:48:26 (PST)	8192 	Function sql_regcase() is deprecated	File: fns_tinybrowser.php	Line: 355	
2012-01-05 13:48:30 (PST)	8192 	Function sql_regcase() is deprecated	File: fns_tinybrowser.php	Line: 355	
2012-01-05 13:48:30 (PST)	8192 	Function sql_regcase() is deprecated	File: fns_tinybrowser.php	Line: 355	
2012-01-05 13:48:30 (PST)	8192 	Function sql_regcase() is deprecated	File: fns_tinybrowser.php	Line: 355	
2012-01-05 13:48:30 (PST)	8192 	Function sql_regcase() is deprecated	File: fns_tinybrowser.php	Line: 355	
2012-01-05 13:48:35 (PST)	8192 	Function sql_regcase() is deprecated	File: fns_tinybrowser.php	Line: 355	
2012-01-05 13:48:35 (PST)	8192 	Function sql_regcase() is deprecated	File: fns_tinybrowser.php	Line: 355	
2012-01-05 13:48:35 (PST)	8192 	Function sql_regcase() is deprecated	File: fns_tinybrowser.php	Line: 355	
2012-01-05 13:48:35 (PST)	8192 	Function sql_regcase() is deprecated	File: fns_tinybrowser.php	Line: 355	
2012-01-05 13:50:52 (PST)	8192 	Function sql_regcase() is deprecated	File: fns_tinybrowser.php	Line: 355	
2012-01-05 13:50:52 (PST)	8192 	Function sql_regcase() is deprecated	File: fns_tinybrowser.php	Line: 355	
2012-01-05 13:50:52 (PST)	8192 	Function sql_regcase() is deprecated	File: fns_tinybrowser.php	Line: 355	
2012-01-05 13:50:52 (PST)	8192 	Function sql_regcase() is deprecated	File: fns_tinybrowser.php	Line: 355	
2012-01-05 14:08:39 (PST)	8192 	Function sql_regcase() is deprecated	File: fns_tinybrowser.php	Line: 355	
2012-01-05 14:08:39 (PST)	8192 	Function sql_regcase() is deprecated	File: fns_tinybrowser.php	Line: 355	
2012-01-05 14:08:39 (PST)	8192 	Function sql_regcase() is deprecated	File: fns_tinybrowser.php	Line: 355	
2012-01-05 14:08:39 (PST)	8192 	Function sql_regcase() is deprecated	File: fns_tinybrowser.php	Line: 355	
2012-01-05 14:08:44 (PST)	8192 	Function sql_regcase() is deprecated	File: fns_tinybrowser.php	Line: 355	
2012-01-05 14:08:44 (PST)	8192 	Function sql_regcase() is deprecated	File: fns_tinybrowser.php	Line: 355	
2012-01-05 14:08:44 (PST)	8192 	Function sql_regcase() is deprecated	File: fns_tinybrowser.php	Line: 355	
2012-01-05 14:08:44 (PST)	8192 	Function sql_regcase() is deprecated	File: fns_tinybrowser.php	Line: 355	
2012-01-05 14:08:48 (PST)	8192 	Function sql_regcase() is deprecated	File: fns_tinybrowser.php	Line: 355	
2012-01-05 14:08:48 (PST)	8192 	Function sql_regcase() is deprecated	File: fns_tinybrowser.php	Line: 355	
2012-01-05 14:08:48 (PST)	8192 	Function sql_regcase() is deprecated	File: fns_tinybrowser.php	Line: 355	
2012-01-05 14:08:48 (PST)	8192 	Function sql_regcase() is deprecated	File: fns_tinybrowser.php	Line: 355	
2012-01-05 14:09:08 (PST)	8192 	Function sql_regcase() is deprecated	File: fns_tinybrowser.php	Line: 355	
2012-01-05 14:09:08 (PST)	8192 	Function sql_regcase() is deprecated	File: fns_tinybrowser.php	Line: 355	
2012-01-05 14:09:08 (PST)	8192 	Function sql_regcase() is deprecated	File: fns_tinybrowser.php	Line: 355	
2012-01-05 14:09:08 (PST)	8192 	Function sql_regcase() is deprecated	File: fns_tinybrowser.php	Line: 355	
2012-01-05 14:09:22 (PST)	8192 	Function sql_regcase() is deprecated	File: fns_tinybrowser.php	Line: 355	
2012-01-05 14:09:22 (PST)	8192 	Function sql_regcase() is deprecated	File: fns_tinybrowser.php	Line: 355	
2012-01-05 14:09:22 (PST)	8192 	Function sql_regcase() is deprecated	File: fns_tinybrowser.php	Line: 355	
2012-01-05 14:09:22 (PST)	8192 	Function sql_regcase() is deprecated	File: fns_tinybrowser.php	Line: 355	
2012-01-05 14:09:31 (PST)	8192 	Function sql_regcase() is deprecated	File: fns_tinybrowser.php	Line: 355	
2012-01-05 14:09:31 (PST)	8192 	Function sql_regcase() is deprecated	File: fns_tinybrowser.php	Line: 355	
2012-01-05 14:09:31 (PST)	8192 	Function sql_regcase() is deprecated	File: fns_tinybrowser.php	Line: 355	
2012-01-05 14:09:31 (PST)	8192 	Function sql_regcase() is deprecated	File: fns_tinybrowser.php	Line: 355	
2012-01-05 14:10:17 (PST)	8192 	Function sql_regcase() is deprecated	File: fns_tinybrowser.php	Line: 355	
2012-01-05 14:10:17 (PST)	8192 	Function sql_regcase() is deprecated	File: fns_tinybrowser.php	Line: 355	
2012-01-05 14:10:17 (PST)	8192 	Function sql_regcase() is deprecated	File: fns_tinybrowser.php	Line: 355	
2012-01-05 14:10:17 (PST)	8192 	Function sql_regcase() is deprecated	File: fns_tinybrowser.php	Line: 355	
2012-01-05 14:10:20 (PST)	8192 	Function sql_regcase() is deprecated	File: fns_tinybrowser.php	Line: 355	
2012-01-05 14:10:20 (PST)	8192 	Function sql_regcase() is deprecated	File: fns_tinybrowser.php	Line: 355	
2012-01-05 14:10:20 (PST)	8192 	Function sql_regcase() is deprecated	File: fns_tinybrowser.php	Line: 355	
2012-01-05 14:10:20 (PST)	8192 	Function sql_regcase() is deprecated	File: fns_tinybrowser.php	Line: 355	
2012-01-05 14:10:27 (PST)	8192 	Function sql_regcase() is deprecated	File: fns_tinybrowser.php	Line: 355	
2012-01-05 14:10:27 (PST)	8192 	Function sql_regcase() is deprecated	File: fns_tinybrowser.php	Line: 355	
2012-01-05 14:10:27 (PST)	8192 	Function sql_regcase() is deprecated	File: fns_tinybrowser.php	Line: 355	
2012-01-05 14:10:27 (PST)	8192 	Function sql_regcase() is deprecated	File: fns_tinybrowser.php	Line: 355	
2012-01-05 14:10:36 (PST)	8192 	Function sql_regcase() is deprecated	File: fns_tinybrowser.php	Line: 355	
2012-01-05 14:10:36 (PST)	8192 	Function sql_regcase() is deprecated	File: fns_tinybrowser.php	Line: 355	
2012-01-05 14:10:36 (PST)	8192 	Function sql_regcase() is deprecated	File: fns_tinybrowser.php	Line: 355	
2012-01-05 14:10:36 (PST)	8192 	Function sql_regcase() is deprecated	File: fns_tinybrowser.php	Line: 355	
2012-01-05 14:10:43 (PST)	8192 	Function sql_regcase() is deprecated	File: fns_tinybrowser.php	Line: 355	
2012-01-05 14:10:43 (PST)	8192 	Function sql_regcase() is deprecated	File: fns_tinybrowser.php	Line: 355	
2012-01-05 14:10:43 (PST)	8192 	Function sql_regcase() is deprecated	File: fns_tinybrowser.php	Line: 355	
2012-01-05 14:10:43 (PST)	8192 	Function sql_regcase() is deprecated	File: fns_tinybrowser.php	Line: 355	
2012-01-05 14:10:48 (PST)	8192 	Function sql_regcase() is deprecated	File: fns_tinybrowser.php	Line: 355	
2012-01-05 14:10:48 (PST)	8192 	Function sql_regcase() is deprecated	File: fns_tinybrowser.php	Line: 355	
2012-01-05 14:10:48 (PST)	8192 	Function sql_regcase() is deprecated	File: fns_tinybrowser.php	Line: 355	
2012-01-05 14:10:48 (PST)	8192 	Function sql_regcase() is deprecated	File: fns_tinybrowser.php	Line: 355	
2012-01-05 14:10:54 (PST)	8192 	Function sql_regcase() is deprecated	File: fns_tinybrowser.php	Line: 355	
2012-01-05 14:10:54 (PST)	8192 	Function sql_regcase() is deprecated	File: fns_tinybrowser.php	Line: 355	
2012-01-05 14:10:54 (PST)	8192 	Function sql_regcase() is deprecated	File: fns_tinybrowser.php	Line: 355	
2012-01-05 14:10:54 (PST)	8192 	Function sql_regcase() is deprecated	File: fns_tinybrowser.php	Line: 355	
2012-01-05 14:11:38 (PST)	8192 	Function sql_regcase() is deprecated	File: fns_tinybrowser.php	Line: 355	
2012-01-05 14:11:38 (PST)	8192 	Function sql_regcase() is deprecated	File: fns_tinybrowser.php	Line: 355	
2012-01-05 14:11:38 (PST)	8192 	Function sql_regcase() is deprecated	File: fns_tinybrowser.php	Line: 355	
2012-01-05 14:11:38 (PST)	8192 	Function sql_regcase() is deprecated	File: fns_tinybrowser.php	Line: 355	
2012-01-05 14:11:40 (PST)	8192 	Function sql_regcase() is deprecated	File: fns_tinybrowser.php	Line: 355	
2012-01-05 14:11:40 (PST)	8192 	Function sql_regcase() is deprecated	File: fns_tinybrowser.php	Line: 355	
2012-01-05 14:11:40 (PST)	8192 	Function sql_regcase() is deprecated	File: fns_tinybrowser.php	Line: 355	
2012-01-05 14:11:40 (PST)	8192 	Function sql_regcase() is deprecated	File: fns_tinybrowser.php	Line: 355	
2012-01-05 14:11:48 (PST)	8192 	Function sql_regcase() is deprecated	File: fns_tinybrowser.php	Line: 355	
2012-01-05 14:11:48 (PST)	8192 	Function sql_regcase() is deprecated	File: fns_tinybrowser.php	Line: 355	
2012-01-05 14:11:48 (PST)	8192 	Function sql_regcase() is deprecated	File: fns_tinybrowser.php	Line: 355	
2012-01-05 14:11:48 (PST)	8192 	Function sql_regcase() is deprecated	File: fns_tinybrowser.php	Line: 355	
2012-01-05 14:26:45 (PST)	8192 	Function sql_regcase() is deprecated	File: fns_tinybrowser.php	Line: 355	
2012-01-05 14:26:45 (PST)	8192 	Function sql_regcase() is deprecated	File: fns_tinybrowser.php	Line: 355	
2012-01-05 14:26:45 (PST)	8192 	Function sql_regcase() is deprecated	File: fns_tinybrowser.php	Line: 355	
2012-01-05 14:26:45 (PST)	8192 	Function sql_regcase() is deprecated	File: fns_tinybrowser.php	Line: 355	
2012-01-05 14:26:49 (PST)	8192 	Function sql_regcase() is deprecated	File: fns_tinybrowser.php	Line: 355	
2012-01-05 14:26:49 (PST)	8192 	Function sql_regcase() is deprecated	File: fns_tinybrowser.php	Line: 355	
2012-01-05 14:26:49 (PST)	8192 	Function sql_regcase() is deprecated	File: fns_tinybrowser.php	Line: 355	
2012-01-05 14:26:49 (PST)	8192 	Function sql_regcase() is deprecated	File: fns_tinybrowser.php	Line: 355	
2012-01-05 14:26:50 (PST)	8192 	Function sql_regcase() is deprecated	File: fns_tinybrowser.php	Line: 355	
2012-01-05 14:26:50 (PST)	8192 	Function sql_regcase() is deprecated	File: fns_tinybrowser.php	Line: 355	
2012-01-05 14:26:50 (PST)	8192 	Function sql_regcase() is deprecated	File: fns_tinybrowser.php	Line: 355	
2012-01-05 14:26:50 (PST)	8192 	Function sql_regcase() is deprecated	File: fns_tinybrowser.php	Line: 355	
2012-01-05 14:26:57 (PST)	8192 	Function sql_regcase() is deprecated	File: fns_tinybrowser.php	Line: 355	
2012-01-05 14:26:57 (PST)	8192 	Function sql_regcase() is deprecated	File: fns_tinybrowser.php	Line: 355	
2012-01-05 14:26:57 (PST)	8192 	Function sql_regcase() is deprecated	File: fns_tinybrowser.php	Line: 355	
2012-01-05 14:26:57 (PST)	8192 	Function sql_regcase() is deprecated	File: fns_tinybrowser.php	Line: 355	
2012-01-05 14:26:59 (PST)	8192 	Function sql_regcase() is deprecated	File: fns_tinybrowser.php	Line: 355	
2012-01-05 14:26:59 (PST)	8192 	Function sql_regcase() is deprecated	File: fns_tinybrowser.php	Line: 355	
2012-01-05 14:26:59 (PST)	8192 	Function sql_regcase() is deprecated	File: fns_tinybrowser.php	Line: 355	
2012-01-05 14:26:59 (PST)	8192 	Function sql_regcase() is deprecated	File: fns_tinybrowser.php	Line: 355	
2012-01-20 05:04:08 (PST)	8192 	Function sql_regcase() is deprecated	File: fns_tinybrowser.php	Line: 355	
2012-01-20 05:04:08 (PST)	8192 	Function sql_regcase() is deprecated	File: fns_tinybrowser.php	Line: 355	
2012-01-20 05:04:08 (PST)	8192 	Function sql_regcase() is deprecated	File: fns_tinybrowser.php	Line: 355	
2012-01-20 05:04:08 (PST)	8192 	Function sql_regcase() is deprecated	File: fns_tinybrowser.php	Line: 355	
2012-01-20 05:04:12 (PST)	8192 	Function sql_regcase() is deprecated	File: fns_tinybrowser.php	Line: 355	
2012-01-20 05:04:12 (PST)	8192 	Function sql_regcase() is deprecated	File: fns_tinybrowser.php	Line: 355	
2012-01-20 05:04:12 (PST)	8192 	Function sql_regcase() is deprecated	File: fns_tinybrowser.php	Line: 355	
2012-01-20 05:04:12 (PST)	8192 	Function sql_regcase() is deprecated	File: fns_tinybrowser.php	Line: 355	
2012-01-20 05:04:17 (PST)	8192 	Function sql_regcase() is deprecated	File: fns_tinybrowser.php	Line: 355	
2012-01-20 05:04:17 (PST)	8192 	Function sql_regcase() is deprecated	File: fns_tinybrowser.php	Line: 355	
2012-01-20 05:04:17 (PST)	8192 	Function sql_regcase() is deprecated	File: fns_tinybrowser.php	Line: 355	
2012-01-20 05:04:17 (PST)	8192 	Function sql_regcase() is deprecated	File: fns_tinybrowser.php	Line: 355	
2012-01-20 05:04:22 (PST)	8192 	Function sql_regcase() is deprecated	File: fns_tinybrowser.php	Line: 355	
2012-01-20 05:04:22 (PST)	8192 	Function sql_regcase() is deprecated	File: fns_tinybrowser.php	Line: 355	
2012-01-20 05:04:22 (PST)	8192 	Function sql_regcase() is deprecated	File: fns_tinybrowser.php	Line: 355	
2012-01-20 05:04:22 (PST)	8192 	Function sql_regcase() is deprecated	File: fns_tinybrowser.php	Line: 355	
2012-05-17 11:56:40 (PDT)	8192 	Function sql_regcase() is deprecated	File: fns_tinybrowser.php	Line: 355	
2012-05-17 11:56:40 (PDT)	8192 	Function sql_regcase() is deprecated	File: fns_tinybrowser.php	Line: 355	
2012-05-17 11:56:40 (PDT)	8192 	Function sql_regcase() is deprecated	File: fns_tinybrowser.php	Line: 355	
2012-05-17 11:56:40 (PDT)	8192 	Function sql_regcase() is deprecated	File: fns_tinybrowser.php	Line: 355	
2012-05-17 11:56:49 (PDT)	8192 	Function sql_regcase() is deprecated	File: fns_tinybrowser.php	Line: 355	
2012-05-17 11:56:49 (PDT)	8192 	Function sql_regcase() is deprecated	File: fns_tinybrowser.php	Line: 355	
2012-05-17 11:56:49 (PDT)	8192 	Function sql_regcase() is deprecated	File: fns_tinybrowser.php	Line: 355	
2012-05-17 11:56:49 (PDT)	8192 	Function sql_regcase() is deprecated	File: fns_tinybrowser.php	Line: 355	
2012-05-17 11:56:51 (PDT)	8192 	Function sql_regcase() is deprecated	File: fns_tinybrowser.php	Line: 355	
2012-05-17 11:56:51 (PDT)	8192 	Function sql_regcase() is deprecated	File: fns_tinybrowser.php	Line: 355	
2012-05-17 11:56:51 (PDT)	8192 	Function sql_regcase() is deprecated	File: fns_tinybrowser.php	Line: 355	
2012-05-17 11:56:51 (PDT)	8192 	Function sql_regcase() is deprecated	File: fns_tinybrowser.php	Line: 355	
2012-05-17 13:17:38 (PDT)	8192 	Function sql_regcase() is deprecated	File: fns_tinybrowser.php	Line: 355	
2012-05-17 13:17:38 (PDT)	8192 	Function sql_regcase() is deprecated	File: fns_tinybrowser.php	Line: 355	
2012-05-17 13:17:38 (PDT)	8192 	Function sql_regcase() is deprecated	File: fns_tinybrowser.php	Line: 355	
2012-05-17 13:17:38 (PDT)	8192 	Function sql_regcase() is deprecated	File: fns_tinybrowser.php	Line: 355	
2012-05-17 13:17:38 (PDT)	8192 	Function sql_regcase() is deprecated	File: fns_tinybrowser.php	Line: 371	
2012-05-17 13:17:38 (PDT)	8192 	Function sql_regcase() is deprecated	File: fns_tinybrowser.php	Line: 371	
2012-05-17 13:17:38 (PDT)	8192 	Function sql_regcase() is deprecated	File: fns_tinybrowser.php	Line: 371	
2012-05-17 13:17:38 (PDT)	8192 	Function sql_regcase() is deprecated	File: fns_tinybrowser.php	Line: 371	
2012-05-17 13:17:39 (PDT)	8192 	Function sql_regcase() is deprecated	File: fns_tinybrowser.php	Line: 355	
2012-05-17 13:17:39 (PDT)	8192 	Function sql_regcase() is deprecated	File: fns_tinybrowser.php	Line: 355	
2012-05-17 13:17:39 (PDT)	8192 	Function sql_regcase() is deprecated	File: fns_tinybrowser.php	Line: 355	
2012-05-17 13:17:39 (PDT)	8192 	Function sql_regcase() is deprecated	File: fns_tinybrowser.php	Line: 355	
2012-05-17 13:17:39 (PDT)	8192 	Function sql_regcase() is deprecated	File: fns_tinybrowser.php	Line: 371	
2012-05-17 13:17:39 (PDT)	8192 	Function sql_regcase() is deprecated	File: fns_tinybrowser.php	Line: 371	
2012-05-17 13:17:39 (PDT)	8192 	Function sql_regcase() is deprecated	File: fns_tinybrowser.php	Line: 371	
2012-05-17 13:17:39 (PDT)	8192 	Function sql_regcase() is deprecated	File: fns_tinybrowser.php	Line: 371	
2012-05-17 13:17:44 (PDT)	8192 	Function sql_regcase() is deprecated	File: fns_tinybrowser.php	Line: 355	
2012-05-17 13:17:44 (PDT)	8192 	Function sql_regcase() is deprecated	File: fns_tinybrowser.php	Line: 355	
2012-05-17 13:17:44 (PDT)	8192 	Function sql_regcase() is deprecated	File: fns_tinybrowser.php	Line: 355	
2012-05-17 13:17:44 (PDT)	8192 	Function sql_regcase() is deprecated	File: fns_tinybrowser.php	Line: 355	
2012-05-17 13:17:44 (PDT)	8192 	Function sql_regcase() is deprecated	File: fns_tinybrowser.php	Line: 371	
2012-05-17 13:17:44 (PDT)	8192 	Function sql_regcase() is deprecated	File: fns_tinybrowser.php	Line: 371	
2012-05-17 13:17:44 (PDT)	8192 	Function sql_regcase() is deprecated	File: fns_tinybrowser.php	Line: 371	
2012-05-17 13:17:44 (PDT)	8192 	Function sql_regcase() is deprecated	File: fns_tinybrowser.php	Line: 371	
2012-05-17 13:17:46 (PDT)	8192 	Function sql_regcase() is deprecated	File: fns_tinybrowser.php	Line: 355	
2012-05-17 13:17:46 (PDT)	8192 	Function sql_regcase() is deprecated	File: fns_tinybrowser.php	Line: 355	
2012-05-17 13:17:46 (PDT)	8192 	Function sql_regcase() is deprecated	File: fns_tinybrowser.php	Line: 355	
2012-05-17 13:17:46 (PDT)	8192 	Function sql_regcase() is deprecated	File: fns_tinybrowser.php	Line: 355	
2012-05-17 13:17:46 (PDT)	8192 	Function sql_regcase() is deprecated	File: fns_tinybrowser.php	Line: 371	
2012-05-17 13:17:46 (PDT)	8192 	Function sql_regcase() is deprecated	File: fns_tinybrowser.php	Line: 371	
2012-05-17 13:17:46 (PDT)	8192 	Function sql_regcase() is deprecated	File: fns_tinybrowser.php	Line: 371	
2012-05-17 13:17:46 (PDT)	8192 	Function sql_regcase() is deprecated	File: fns_tinybrowser.php	Line: 371	
2012-05-17 13:17:56 (PDT)	8192 	Function sql_regcase() is deprecated	File: fns_tinybrowser.php	Line: 355	
2012-05-17 13:17:56 (PDT)	8192 	Function sql_regcase() is deprecated	File: fns_tinybrowser.php	Line: 355	
2012-05-17 13:17:56 (PDT)	8192 	Function sql_regcase() is deprecated	File: fns_tinybrowser.php	Line: 355	
2012-05-17 13:17:56 (PDT)	8192 	Function sql_regcase() is deprecated	File: fns_tinybrowser.php	Line: 355	
2012-05-17 13:17:56 (PDT)	8192 	Function sql_regcase() is deprecated	File: fns_tinybrowser.php	Line: 371	
2012-05-17 13:17:56 (PDT)	8192 	Function sql_regcase() is deprecated	File: fns_tinybrowser.php	Line: 371	
2012-05-17 13:17:56 (PDT)	8192 	Function sql_regcase() is deprecated	File: fns_tinybrowser.php	Line: 371	
2012-05-17 13:17:56 (PDT)	8192 	Function sql_regcase() is deprecated	File: fns_tinybrowser.php	Line: 371	
2012-05-17 13:18:04 (PDT)	8192 	Function sql_regcase() is deprecated	File: fns_tinybrowser.php	Line: 355	
2012-05-17 13:18:04 (PDT)	8192 	Function sql_regcase() is deprecated	File: fns_tinybrowser.php	Line: 355	
2012-05-17 13:18:04 (PDT)	8192 	Function sql_regcase() is deprecated	File: fns_tinybrowser.php	Line: 355	
2012-05-17 13:18:04 (PDT)	8192 	Function sql_regcase() is deprecated	File: fns_tinybrowser.php	Line: 355	
2012-05-17 13:18:04 (PDT)	8192 	Function sql_regcase() is deprecated	File: fns_tinybrowser.php	Line: 371	
2012-05-17 13:18:04 (PDT)	8192 	Function sql_regcase() is deprecated	File: fns_tinybrowser.php	Line: 371	
2012-05-17 13:18:04 (PDT)	8192 	Function sql_regcase() is deprecated	File: fns_tinybrowser.php	Line: 371	
2012-05-17 13:18:04 (PDT)	8192 	Function sql_regcase() is deprecated	File: fns_tinybrowser.php	Line: 371	
2012-05-17 13:18:09 (PDT)	8192 	Function sql_regcase() is deprecated	File: fns_tinybrowser.php	Line: 355	
2012-05-17 13:18:09 (PDT)	8192 	Function sql_regcase() is deprecated	File: fns_tinybrowser.php	Line: 355	
2012-05-17 13:18:09 (PDT)	8192 	Function sql_regcase() is deprecated	File: fns_tinybrowser.php	Line: 355	
2012-05-17 13:18:09 (PDT)	8192 	Function sql_regcase() is deprecated	File: fns_tinybrowser.php	Line: 355	
2012-05-17 13:18:09 (PDT)	8192 	Function sql_regcase() is deprecated	File: fns_tinybrowser.php	Line: 371	
2012-05-17 13:18:09 (PDT)	8192 	Function sql_regcase() is deprecated	File: fns_tinybrowser.php	Line: 371	
2012-05-17 13:18:09 (PDT)	8192 	Function sql_regcase() is deprecated	File: fns_tinybrowser.php	Line: 371	
2012-05-17 13:18:09 (PDT)	8192 	Function sql_regcase() is deprecated	File: fns_tinybrowser.php	Line: 371	
2012-05-17 13:18:29 (PDT)	8192 	Function sql_regcase() is deprecated	File: fns_tinybrowser.php	Line: 355	
2012-05-17 13:18:29 (PDT)	8192 	Function sql_regcase() is deprecated	File: fns_tinybrowser.php	Line: 355	
2012-05-17 13:18:29 (PDT)	8192 	Function sql_regcase() is deprecated	File: fns_tinybrowser.php	Line: 355	
2012-05-17 13:18:29 (PDT)	8192 	Function sql_regcase() is deprecated	File: fns_tinybrowser.php	Line: 355	
2012-05-17 13:18:29 (PDT)	8192 	Function sql_regcase() is deprecated	File: fns_tinybrowser.php	Line: 371	
2012-05-17 13:18:29 (PDT)	8192 	Function sql_regcase() is deprecated	File: fns_tinybrowser.php	Line: 371	
2012-05-17 13:18:29 (PDT)	8192 	Function sql_regcase() is deprecated	File: fns_tinybrowser.php	Line: 371	
2012-05-17 13:18:29 (PDT)	8192 	Function sql_regcase() is deprecated	File: fns_tinybrowser.php	Line: 371	
2012-05-17 13:19:04 (PDT)	8192 	Function sql_regcase() is deprecated	File: fns_tinybrowser.php	Line: 355	
2012-05-17 13:19:04 (PDT)	8192 	Function sql_regcase() is deprecated	File: fns_tinybrowser.php	Line: 355	
2012-05-17 13:19:04 (PDT)	8192 	Function sql_regcase() is deprecated	File: fns_tinybrowser.php	Line: 355	
2012-05-17 13:19:04 (PDT)	8192 	Function sql_regcase() is deprecated	File: fns_tinybrowser.php	Line: 355	
2012-05-17 13:19:04 (PDT)	8192 	Function sql_regcase() is deprecated	File: fns_tinybrowser.php	Line: 371	
2012-05-17 13:19:04 (PDT)	8192 	Function sql_regcase() is deprecated	File: fns_tinybrowser.php	Line: 371	
2012-05-17 13:19:04 (PDT)	8192 	Function sql_regcase() is deprecated	File: fns_tinybrowser.php	Line: 371	
2012-05-17 13:19:04 (PDT)	8192 	Function sql_regcase() is deprecated	File: fns_tinybrowser.php	Line: 371	
